<?xml version="1.0" encoding="UTF-8"?>
<!-- Generated by org.testng.reporters.JUnitReportReporter -->
<testsuite hostname="LAPTOP-G7K9COLS" failures="0" tests="14" name="z_Bamboohr.Hiring_module" time="81.493" errors="0" timestamp="2024-07-01T14:48:28 NPT" skipped="0">
  <testcase classname="z_Bamboohr.Hiring_module" name="Past_date_req" time="7.106"/>
  <system-out/>
  <testcase classname="z_Bamboohr.Hiring_module" name="Timeoff" time="6.486"/>
  <system-out/>
  <testcase classname="z_Bamboohr.Hiring_module" name="edit_leave_req" time="6.780"/>
  <system-out/>
  <testcase classname="z_Bamboohr.Hiring_module" name="missing_mandatory_field" time="6.728"/>
  <system-out/>
  <testcase classname="z_Bamboohr.Hiring_module" name="Add_newreport" time="6.374"/>
  <system-out/>
  <testcase classname="z_Bamboohr.Hiring_module" name="Delete_Report" time="4.523"/>
  <system-out/>
  <testcase classname="z_Bamboohr.Hiring_module" name="missinginfo" time="2.252"/>
  <system-out/>
  <testcase classname="z_Bamboohr.Hiring_module" name="Contains_onlyreportname" time="4.891"/>
  <system-out/>
  <testcase classname="z_Bamboohr.Hiring_module" name="Create_newfolder" time="3.847"/>
  <system-out/>
  <testcase classname="z_Bamboohr.Hiring_module" name="Add_jobopening" time="6.847"/>
  <system-out/>
  <testcase classname="z_Bamboohr.Hiring_module" name="Fill_Mandatoryfield_Only" time="5.747"/>
  <system-out/>
  <testcase classname="z_Bamboohr.Hiring_module" name="No_Mandatory_info" time="5.818"/>
  <system-out/>
  <testcase classname="z_Bamboohr.Hiring_module" name="Check_uncheck_application_question" time="7.287"/>
  <system-out/>
  <testcase classname="z_Bamboohr.Hiring_module" name="Save_finishlater_missing_mandatoryfield" time="6.807"/>
  <system-out/>
</testsuite> <!-- z_Bamboohr.Hiring_module -->
