<?xml version="1.0" encoding="UTF-8"?>
<!-- Generated by org.testng.reporters.JUnitReportReporter -->
<testsuite hostname="LAPTOP-G7K9COLS" failures="0" tests="9" name="z_Bamboohr.Report_module" time="50.665" errors="0" timestamp="2024-07-01T14:46:26 NPT" skipped="0">
  <testcase classname="z_Bamboohr.Report_module" name="Past_date_req" time="8.033"/>
  <system-out/>
  <testcase classname="z_Bamboohr.Report_module" name="Timeoff" time="8.703"/>
  <system-out/>
  <testcase classname="z_Bamboohr.Report_module" name="edit_leave_req" time="6.810"/>
  <system-out/>
  <testcase classname="z_Bamboohr.Report_module" name="missing_mandatory_field" time="4.755"/>
  <system-out/>
  <testcase classname="z_Bamboohr.Report_module" name="Add_newreport" time="6.537"/>
  <system-out/>
  <testcase classname="z_Bamboohr.Report_module" name="Delete_Report" time="4.691"/>
  <system-out/>
  <testcase classname="z_Bamboohr.Report_module" name="missinginfo" time="2.300"/>
  <system-out/>
  <testcase classname="z_Bamboohr.Report_module" name="Contains_onlyreportname" time="4.639"/>
  <system-out/>
  <testcase classname="z_Bamboohr.Report_module" name="Create_newfolder" time="4.197"/>
  <system-out/>
</testsuite> <!-- z_Bamboohr.Report_module -->
